<?xml version="1.0" encoding="UTF-8"?>
<robot generator="Robot 3.1.2 (Python 3.6.8 on darwin)" generated="20191212 18:09:03.528" rpa="false">
<suite id="s1" name="Check Cfg" source="/Users/ratul/work/manrs-batfish/check_cfg.robot">
<test id="s1-t1" name="ACLs being applied to single homed stub customers to prevent them from sending spoofed traffic - IPv4">
<kw name="Get Interfaces Without Incoming Filter" library="ManrsBatfish">
<assign>
<var>@{ifaces_without_incoming_filter}</var>
</assign>
<msg timestamp="20191212 18:09:06.179" level="INFO">@{ifaces_without_incoming_filter} = [ {'hostname': 'hsw-003b.sea3', 'interface': 'xe-0/0/11'} | {'hostname': 'hsw-003b.sea3', 'interface': 'ae219.0'} | {'hostname': 'hsw-003b.sea3', 'interface': 'ae123.0'} | {'hostname': 'hsw-003b.sea3'...</msg>
<status status="PASS" starttime="20191212 18:09:06.148" endtime="20191212 18:09:06.180"></status>
</kw>
<kw name="Log List" library="Collections">
<doc>Logs the length and contents of the ``list`` using given ``level``.</doc>
<arguments>
<arg>${ifaces_without_incoming_filter}</arg>
<arg>WARN</arg>
</arguments>
<msg timestamp="20191212 18:09:06.180" level="WARN">List length is 212 and it contains following items:
0: {'hostname': 'hsw-003b.sea3', 'interface': 'xe-0/0/11'}
1: {'hostname': 'hsw-003b.sea3', 'interface': 'ae219.0'}
2: {'hostname': 'hsw-003b.sea3', 'interface': 'ae123.0'}
3: {'hostname': 'hsw-003b.sea3', 'interface': 'xe-0/0/10'}
4: {'hostname': 'hsw-003b.sea3', 'interface': 'ae104.0'}
5: {'hostname': 'hsw-003b.sea3', 'interface': 'ae115.0'}
6: {'hostname': 'hsw-003b.sea3', 'interface': 'ae215.0'}
7: {'hostname': 'hsw-003b.sea3', 'interface': 'ae127.0'}
8: {'hostname': 'hsw-003b.sea3', 'interface': 'xe-0/0/12'}
9: {'hostname': 'hsw-003b.sea3', 'interface': 'ae204.0'}
10: {'hostname': 'hsw-003b.sea3', 'interface': 'ae227.0'}
11: {'hostname': 'hsw-003b.sea3', 'interface': 'ae208.0'}
12: {'hostname': 'hsw-003b.sea3', 'interface': 'ae230.0'}
13: {'hostname': 'hsw-003b.sea3', 'interface': 'ae2.0'}
14: {'hostname': 'hsw-003b.sea3', 'interface': 'ae111.0'}
15: {'hostname': 'hsw-003b.sea3', 'interface': 'ae100.0'}
16: {'hostname': 'hsw-003b.sea3', 'interface': 'et-0/0/100.0'}
17: {'hostname': 'hsw-003b.sea3', 'interface': 'ae0.0'}
18: {'hostname': 'hsw-003b.sea3', 'interface': 'ae220'}
19: {'hostname': 'hsw-003b.sea3', 'interface': 'ae124'}
20: {'hostname': 'hsw-003b.sea3', 'interface': 'ae122'}
21: {'hostname': 'hsw-003b.sea3', 'interface': 'ae120'}
22: {'hostname': 'hsw-003b.sea3', 'interface': 'ae130.0'}
23: {'hostname': 'hsw-003b.sea3', 'interface': 'et-0/0/102'}
24: {'hostname': 'hsw-003b.sea3', 'interface': 'ae121'}
25: {'hostname': 'hsw-003b.sea3', 'interface': 'ae200.0'}
26: {'hostname': 'hsw-003b.sea3', 'interface': 'ae223.0'}
27: {'hostname': 'hsw-003b.sea3', 'interface': 'ae123'}
28: {'hostname': 'hsw-003b.sea3', 'interface': 'ae108.0'}
29: {'hostname': 'hsw-003b.sea3', 'interface': 'ae119.0'}
30: {'hostname': 'hsw-003b.sea3', 'interface': 'ae211.0'}
31: {'hostname': 'hsw-003b.sea3', 'interface': 'et-0/0/103'}
32: {'hostname': 'hsw-003b.sea3', 'interface': 'xe-0/0/78'}
33: {'hostname': 'hsw-003b.sea3', 'interface': 'et-0/0/96'}
34: {'hostname': 'hsw-003b.sea3', 'interface': 'ae112.0'}
35: {'hostname': 'hsw-003b.sea3', 'interface': 'ae101.0'}
36: {'hostname': 'hsw-003b.sea3', 'interface': 'ae216.0'}
37: {'hostname': 'hsw-003b.sea3', 'interface': 'ae124.0'}
38: {'hostname': 'hsw-003b.sea3', 'interface': 'ae105.0'}
39: {'hostname': 'hsw-003b.sea3', 'interface': 'ae116.0'}
40: {'hostname': 'hsw-003b.sea3', 'interface': 'xe-0/0/69'}
41: {'hostname': 'hsw-003b.sea3', 'interface': 'xe-0/0/76'}
42: {'hostname': 'hsw-003b.sea3', 'interface': 'ae224.0'}
43: {'hostname': 'hsw-003b.sea3', 'interface': 'xe-0/0/68'}
44: {'hostname': 'hsw-003b.sea3', 'interface': 'ae205.0'}
45: {'hostname': 'hsw-003b.sea3', 'interface': 'xe-0/0/46'}
46: {'hostname': 'hsw-003b.sea3', 'interface': 'et-0/0/103.0'}
47: {'hostname': 'hsw-003b.sea3', 'interface': 'ae209.0'}
48: {'hostname': 'hsw-003b.sea3', 'interface': 'xe-0/0/74'}
49: {'hostname': 'hsw-003b.sea3', 'interface': 'ae220.0'}
50: {'hostname': 'hsw-003b.sea3', 'interface': 'xe-0/0/73'}
51: {'hostname': 'hsw-003b.sea3', 'interface': 'ae228.0'}
52: {'hostname': 'hsw-003b.sea3', 'interface': 'et-0/0/99'}
53: {'hostname': 'hsw-003b.sea3', 'interface': 'xe-0/0/77'}
54: {'hostname': 'hsw-003b.sea3', 'interface': 'xe-0/0/72'}
55: {'hostname': 'hsw-003b.sea3', 'interface': 'xe-0/0/75'}
56: {'hostname': 'hsw-003b.sea3', 'interface': 'et-0/0/98'}
57: {'hostname': 'hsw-003b.sea3', 'interface': 'xe-0/0/58'}
58: {'hostname': 'hsw-003b.sea3', 'interface': 'xe-0/0/65'}
59: {'hostname': 'hsw-003b.sea3', 'interface': 'xe-0/0/59'}
60: {'hostname': 'hsw-003b.sea3', 'interface': 'xe-0/0/67'}
61: {'hostname': 'hsw-003b.sea3', 'interface': 'xe-0/0/71'}
62: {'hostname': 'hsw-003b.sea3', 'interface': 'et-0/0/101'}
63: {'hostname': 'hsw-003b.sea3', 'interface': 'xe-0/0/70'}
64: {'hostname': 'hsw-003b.sea3', 'interface': 'ae120.0'}
65: {'hostname': 'hsw-003b.sea3', 'interface': 'irb.401'}
66: {'hostname': 'hsw-003b.sea3', 'interface': 'ae1'}
67: {'hostname': 'hsw-003b.sea3', 'interface': 'ae0'}
68: {'hostname': 'hsw-003b.sea3', 'interface': 'ae201.0'}
69: {'hostname': 'hsw-003b.sea3', 'interface': 'ae212.0'}
70: {'hostname': 'hsw-003b.sea3', 'interface': 'ae128.0'}
71: {'hostname': 'hsw-003b.sea3', 'interface': 'ae109.0'}
72: {'hostname': 'hsw-003b.sea3', 'interface': 'ae216'}
73: {'hostname': 'hsw-003b.sea3', 'interface': 'ae218'}
74: {'hostname': 'hsw-003b.sea3', 'interface': 'ae217'}
75: {'hostname': 'hsw-003b.sea3', 'interface': 'ae214'}
76: {'hostname': 'hsw-003b.sea3', 'interface': 'ae113.0'}
77: {'hostname': 'hsw-003b.sea3', 'interface': 'ae102.0'}
78: {'hostname': 'hsw-003b.sea3', 'interface': 'ae215'}
79: {'hostname': 'hsw-003b.sea3', 'interface': 'ae213.0'}
80: {'hostname': 'hsw-003b.sea3', 'interface': 'ae103'}
81: {'hostname': 'hsw-003b.sea3', 'interface': 'ae125.0'}
82: {'hostname': 'hsw-003b.sea3', 'interface': 'ae126'}
83: {'hostname': 'hsw-003b.sea3', 'interface': 'ae129'}
84: {'hostname': 'hsw-003b.sea3', 'interface': 'ae104'}
85: {'hostname': 'hsw-003b.sea3', 'interface': 'ae202.0'}
86: {'hostname': 'hsw-003b.sea3', 'interface': 'ae107'}
87: {'hostname': 'hsw-003b.sea3', 'interface': 'ae106'}
88: {'hostname': 'hsw-003b.sea3', 'interface': 'ae125'}
89: {'hostname': 'hsw-003b.sea3', 'interface': 'ae108'}
90: {'hostname': 'hsw-003b.sea3', 'interface': 'ae229.0'}
91: {'hostname': 'hsw-003b.sea3', 'interface': 'ae105'}
92: {'hostname': 'hsw-003b.sea3', 'interface': 'ae213'}
93: {'hostname': 'hsw-003b.sea3', 'interface': 'ae127'}
94: {'hostname': 'hsw-003b.sea3', 'interface': 'ae128'}
95: {'hostname': 'hsw-003b.sea3', 'interface': 'em0.0'}
96: {'hostname': 'hsw-003b.sea3', 'interface': 'ae227'}
97: {'hostname': 'hsw-003b.sea3', 'interface': 'ae229'}
98: {'hostname': 'hsw-003b.sea3', 'interface': 'ae228'}
99: {'hostname': 'hsw-003b.sea3', 'interface': 'ae225'}
100: {'hostname': 'hsw-003b.sea3', 'interface': 'ae206.0'}
101: {'hostname': 'hsw-003b.sea3', 'interface': 'ae226'}
102: {'hostname': 'hsw-003b.sea3', 'interface': 'ae217.0'}
103: {'hostname': 'hsw-003b.sea3', 'interface': 'ae221.0'}
104: {'hostname': 'hsw-003b.sea3', 'interface': 'ae224'}
105: {'hostname': 'hsw-003b.sea3', 'interface': 'ae129.0'}
106: {'hostname': 'hsw-003b.sea3', 'interface': 'xe-0/0/63'}
107: {'hostname': 'hsw-003b.sea3', 'interface': 'lo0.0'}
108: {'hostname': 'hsw-003b.sea3', 'interface': 'xe-0/0/62'}
109: {'hostname': 'hsw-003b.sea3', 'interface': 'ae2'}
110: {'hostname': 'hsw-003b.sea3', 'interface': 'xe-0/0/66'}
111: {'hostname': 'hsw-003b.sea3', 'interface': 'xe-0/0/61'}
112: {'hostname': 'hsw-003b.sea3', 'interface': 'xe-0/0/64'}
113: {'hostname': 'hsw-003b.sea3', 'interface': 'xe-0/0/57'}
114: {'hostname': 'hsw-003b.sea3', 'interface': 'ae121.0'}
115: {'hostname': 'hsw-003b.sea3', 'interface': 'xe-0/0/60'}
116: {'hostname': 'hsw-003b.sea3', 'interface': 'ae225.0'}
117: {'hostname': 'hsw-003b.sea3', 'interface': 'ae106.0'}
118: {'hostname': 'hsw-003b.sea3', 'interface': 'ae117.0'}
119: {'hostname': 'hsw-003b.sea3', 'interface': 'ae218.0'}
120: {'hostname': 'hsw-003b.sea3', 'interface': 'xe-0/0/13'}
121: {'hostname': 'hsw-003b.sea3', 'interface': 'ae126.0'}
122: {'hostname': 'hsw-003b.sea3', 'interface': 'et-0/0/97'}
123: {'hostname': 'hsw-003b.sea3', 'interface': 'ae103.0'}
124: {'hostname': 'hsw-003b.sea3', 'interface': 'ae114.0'}
125: {'hostname': 'hsw-003b.sea3', 'interface': 'ae201'}
126: {'hostname': 'hsw-003b.sea3', 'interface': 'ae226.0'}
127: {'hostname': 'hsw-003b.sea3', 'interface': 'irb.102'}
128: {'hostname': 'hsw-003b.sea3', 'interface': 'ae207.0'}
129: {'hostname': 'hsw-003b.sea3', 'interface': 'xe-0/0/8'}
130: {'hostname': 'hsw-003b.sea3', 'interface': 'xe-0/0/7'}
131: {'hostname': 'hsw-003b.sea3', 'interface': 'irb.103'}
132: {'hostname': 'hsw-003b.sea3', 'interface': 'ae200'}
133: {'hostname': 'hsw-003b.sea3', 'interface': 'et-0/0/100'}
134: {'hostname': 'hsw-003b.sea3', 'interface': 'em0'}
135: {'hostname': 'hsw-003b.sea3', 'interface': 'xe-0/0/9'}
136: {'hostname': 'hsw-003b.sea3', 'interface': 'xe-0/0/3'}
137: {'hostname': 'hsw-003b.sea3', 'interface': 'xe-0/0/6'}
138: {'hostname': 'hsw-003b.sea3', 'interface': 'et-0/0/101.0'}
139: {'hostname': 'hsw-003b.sea3', 'interface': 'ae113'}
140: {'hostname': 'hsw-003b.sea3', 'interface': 'xe-0/0/5'}
141: {'hostname': 'hsw-003b.sea3', 'interface': 'ae111'}
142: {'hostname': 'hsw-003b.sea3', 'interface': 'xe-0/0/0'}
143: {'hostname': 'hsw-003b.sea3', 'interface': 'ae210'}
144: {'hostname': 'hsw-003b.sea3', 'interface': 'ae208'}
145: {'hostname': 'hsw-003b.sea3', 'interface': 'ae1.0'}
146: {'hostname': 'hsw-003b.sea3', 'interface': 'ae210.0'}
147: {'hostname': 'hsw-003b.sea3', 'interface': 'xe-0/0/2'}
148: {'hostname': 'hsw-003b.sea3', 'interface': 'xe-0/0/1'}
149: {'hostname': 'hsw-003b.sea3', 'interface': 'xe-0/0/29'}
150: {'hostname': 'hsw-003b.sea3', 'interface': 'ae122.0'}
151: {'hostname': 'hsw-003b.sea3', 'interface': 'ae211'}
152: {'hostname': 'hsw-003b.sea3', 'interface': 'ae101'}
153: {'hostname': 'hsw-003b.sea3', 'interface': 'ae212'}
154: {'hostname': 'hsw-003b.sea3', 'interface': 'ae107.0'}
155: {'hostname': 'hsw-003b.sea3', 'interface': 'ae118.0'}
156: {'hostname': 'hsw-003b.sea3', 'interface': 'ae110'}
157: {'hostname': 'hsw-003b.sea3', 'interface': 'lo0'}
158: {'hostname': 'hsw-003b.sea3', 'interface': 'ae109'}
159: {'hostname': 'hsw-003b.sea3', 'interface': 'ae100'}
160: {'hostname': 'hsw-003b.sea3', 'interface': 'ae112'}
161: {'hostname': 'hsw-003b.sea3', 'interface': 'ae102'}
162: {'hostname': 'hsw-003b.sea3', 'interface': 'xe-0/0/54'}
163: {'hostname': 'hsw-003b.sea3', 'interface': 'xe-0/0/27'}
164: {'hostname': 'hsw-003b.sea3', 'interface': 'xe-0/0/48'}
165: {'hostname': 'hsw-003b.sea3', 'interface': 'ae110.0'}
166: {'hostname': 'hsw-003b.sea3', 'interface': 'ae221'}
167: {'hostname': 'hsw-003b.sea3', 'interface': 'xe-0/0/49'}
168: {'hostname': 'hsw-003b.sea3', 'interface': 'xe-0/0/56'}
169: {'hostname': 'hsw-003b.sea3', 'interface': 'ae219'}
170: {'hostname': 'hsw-003b.sea3', 'interface': 'xe-0/0/26'}
171: {'hostname': 'hsw-003b.sea3', 'interface': 'xe-0/0/30'}
172: {'hostname': 'hsw-003b.sea3', 'interface': 'xe-0/0/25'}
173: {'hostname': 'hsw-003b.sea3', 'interface': 'xe-0/0/28'}
174: {'hostname': 'hsw-003b.sea3', 'interface': 'ae205'}
175: {'hostname': 'hsw-003b.sea3', 'interface': 'xe-0/0/18'}
176: {'hostname': 'hsw-003b.sea3', 'interface': 'ae207'}
177: {'hostname': 'hsw-003b.sea3', 'interface': 'xe-0/0/52'}
178: {'hostname': 'hsw-003b.sea3', 'interface': 'xe-0/0/22'}
179: {'hostname': 'hsw-003b.sea3', 'interface': 'ae223'}
180: {'hostname': 'hsw-003b.sea3', 'interface': 'ae206'}
181: {'hostname': 'hsw-003b.sea3', 'interface': 'xe-0/0/20'}
182: {'hostname': 'hsw-003b.sea3', 'interface': 'ae203'}
183: {'hostname': 'hsw-003b.sea3', 'interface': 'xe-0/0/51'}
184: {'hostname': 'hsw-003b.sea3', 'interface': 'xe-0/0/21'}
185: {'hostname': 'hsw-003b.sea3', 'interface': 'xe-0/0/24'}
186: {'hostname': 'hsw-003b.sea3', 'interface': 'ae204'}
187: {'hostname': 'hsw-003b.sea3', 'interface': 'xe-0/0/55'}
188: {'hostname': 'hsw-003b.sea3', 'interface': 'ae209'}
189: {'hostname': 'hsw-003b.sea3', 'interface': 'xe-0/0/50'}
190: {'hostname': 'hsw-003b.sea3', 'interface': 'ae203.0'}
191: {'hostname': 'hsw-003b.sea3', 'interface': 'xe-0/0/53'}
192: {'hostname': 'hsw-003b.sea3', 'interface': 'xe-0/0/23'}
193: {'hostname': 'hsw-003b.sea3', 'interface': 'ae115'}
194: {'hostname': 'hsw-003b.sea3', 'interface': 'ae222'}
195: {'hostname': 'hsw-003b.sea3', 'interface': 'ae118'}
196: {'hostname': 'hsw-003b.sea3', 'interface': 'ae214.0'}
197: {'hostname': 'hsw-003b.sea3', 'interface': 'ae130'}
198: {'hostname': 'hsw-003b.sea3', 'interface': 'xe-0/0/16'}
199: {'hostname': 'hsw-003b.sea3', 'interface': 'ae230'}
200: {'hostname': 'hsw-003b.sea3', 'interface': 'ae114'}
201: {'hostname': 'hsw-003b.sea3', 'interface': 'ae222.0'}
202: {'hostname': 'hsw-003b.sea3', 'interface': 'xe-0/0/15'}
203: {'hostname': 'hsw-003b.sea3', 'interface': 'xe-0/0/4'}
204: {'hostname': 'hsw-003b.sea3', 'interface': 'ae202'}
205: {'hostname': 'hsw-003b.sea3', 'interface': 'ae116'}
206: {'hostname': 'hsw-003b.sea3', 'interface': 'ae119'}
207: {'hostname': 'hsw-003b.sea3', 'interface': 'et-0/0/102.0'}
208: {'hostname': 'hsw-003b.sea3', 'interface': 'xe-0/0/19'}
209: {'hostname': 'hsw-003b.sea3', 'interface': 'xe-0/0/14'}
210: {'hostname': 'hsw-003b.sea3', 'interface': 'ae117'}
211: {'hostname': 'hsw-003b.sea3', 'interface': 'xe-0/0/17'}</msg>
<status status="PASS" starttime="20191212 18:09:06.180" endtime="20191212 18:09:06.181"></status>
</kw>
<kw name="Lists Should Be Equal" library="Collections">
<doc>Fails if given lists are unequal.</doc>
<arguments>
<arg>${ifaces_without_incoming_filter}</arg>
<arg>${EMPTY LIST}</arg>
<arg>WARN</arg>
</arguments>
<msg timestamp="20191212 18:09:06.181" level="FAIL">WARN
Lengths are different: 212 != 0</msg>
<status status="FAIL" starttime="20191212 18:09:06.181" endtime="20191212 18:09:06.182"></status>
</kw>
<status status="FAIL" starttime="20191212 18:09:06.148" endtime="20191212 18:09:06.182" critical="yes">WARN
Lengths are different: 212 != 0</status>
</test>
<test id="s1-t2" name="Are inbound routing advertisements from customers and peers secured by applying prefix-level filters?">
<kw name="Get Bgp Peers Without Import Policy" library="ManrsBatfish">
<assign>
<var>@{bgp_peers_without_import_policy}</var>
</assign>
<msg timestamp="20191212 18:09:06.183" level="INFO">@{bgp_peers_without_import_policy} = [ ]</msg>
<status status="PASS" starttime="20191212 18:09:06.182" endtime="20191212 18:09:06.183"></status>
</kw>
<kw name="Log List" library="Collections">
<doc>Logs the length and contents of the ``list`` using given ``level``.</doc>
<arguments>
<arg>${bgp_peers_without_import_policy}</arg>
<arg>WARN</arg>
</arguments>
<msg timestamp="20191212 18:09:06.184" level="WARN">List is empty.</msg>
<status status="PASS" starttime="20191212 18:09:06.183" endtime="20191212 18:09:06.184"></status>
</kw>
<kw name="Lists Should Be Equal" library="Collections">
<doc>Fails if given lists are unequal.</doc>
<arguments>
<arg>${bgp_peers_without_import_policy}</arg>
<arg>${EMPTY LIST}</arg>
<arg>WARN</arg>
</arguments>
<status status="PASS" starttime="20191212 18:09:06.184" endtime="20191212 18:09:06.184"></status>
</kw>
<status status="PASS" starttime="20191212 18:09:06.182" endtime="20191212 18:09:06.184" critical="yes"></status>
</test>
<doc>Check config file for MANRS standards compliance</doc>
<status status="FAIL" starttime="20191212 18:09:03.529" endtime="20191212 18:09:06.184"></status>
</suite>
<statistics>
<total>
<stat pass="1" fail="1">Critical Tests</stat>
<stat pass="1" fail="1">All Tests</stat>
</total>
<tag>
</tag>
<suite>
<stat pass="1" fail="1" id="s1" name="Check Cfg">Check Cfg</stat>
</suite>
</statistics>
<errors>
<msg timestamp="20191212 18:09:06.180" level="WARN">List length is 212 and it contains following items:
0: {'hostname': 'hsw-003b.sea3', 'interface': 'xe-0/0/11'}
1: {'hostname': 'hsw-003b.sea3', 'interface': 'ae219.0'}
2: {'hostname': 'hsw-003b.sea3', 'interface': 'ae123.0'}
3: {'hostname': 'hsw-003b.sea3', 'interface': 'xe-0/0/10'}
4: {'hostname': 'hsw-003b.sea3', 'interface': 'ae104.0'}
5: {'hostname': 'hsw-003b.sea3', 'interface': 'ae115.0'}
6: {'hostname': 'hsw-003b.sea3', 'interface': 'ae215.0'}
7: {'hostname': 'hsw-003b.sea3', 'interface': 'ae127.0'}
8: {'hostname': 'hsw-003b.sea3', 'interface': 'xe-0/0/12'}
9: {'hostname': 'hsw-003b.sea3', 'interface': 'ae204.0'}
10: {'hostname': 'hsw-003b.sea3', 'interface': 'ae227.0'}
11: {'hostname': 'hsw-003b.sea3', 'interface': 'ae208.0'}
12: {'hostname': 'hsw-003b.sea3', 'interface': 'ae230.0'}
13: {'hostname': 'hsw-003b.sea3', 'interface': 'ae2.0'}
14: {'hostname': 'hsw-003b.sea3', 'interface': 'ae111.0'}
15: {'hostname': 'hsw-003b.sea3', 'interface': 'ae100.0'}
16: {'hostname': 'hsw-003b.sea3', 'interface': 'et-0/0/100.0'}
17: {'hostname': 'hsw-003b.sea3', 'interface': 'ae0.0'}
18: {'hostname': 'hsw-003b.sea3', 'interface': 'ae220'}
19: {'hostname': 'hsw-003b.sea3', 'interface': 'ae124'}
20: {'hostname': 'hsw-003b.sea3', 'interface': 'ae122'}
21: {'hostname': 'hsw-003b.sea3', 'interface': 'ae120'}
22: {'hostname': 'hsw-003b.sea3', 'interface': 'ae130.0'}
23: {'hostname': 'hsw-003b.sea3', 'interface': 'et-0/0/102'}
24: {'hostname': 'hsw-003b.sea3', 'interface': 'ae121'}
25: {'hostname': 'hsw-003b.sea3', 'interface': 'ae200.0'}
26: {'hostname': 'hsw-003b.sea3', 'interface': 'ae223.0'}
27: {'hostname': 'hsw-003b.sea3', 'interface': 'ae123'}
28: {'hostname': 'hsw-003b.sea3', 'interface': 'ae108.0'}
29: {'hostname': 'hsw-003b.sea3', 'interface': 'ae119.0'}
30: {'hostname': 'hsw-003b.sea3', 'interface': 'ae211.0'}
31: {'hostname': 'hsw-003b.sea3', 'interface': 'et-0/0/103'}
32: {'hostname': 'hsw-003b.sea3', 'interface': 'xe-0/0/78'}
33: {'hostname': 'hsw-003b.sea3', 'interface': 'et-0/0/96'}
34: {'hostname': 'hsw-003b.sea3', 'interface': 'ae112.0'}
35: {'hostname': 'hsw-003b.sea3', 'interface': 'ae101.0'}
36: {'hostname': 'hsw-003b.sea3', 'interface': 'ae216.0'}
37: {'hostname': 'hsw-003b.sea3', 'interface': 'ae124.0'}
38: {'hostname': 'hsw-003b.sea3', 'interface': 'ae105.0'}
39: {'hostname': 'hsw-003b.sea3', 'interface': 'ae116.0'}
40: {'hostname': 'hsw-003b.sea3', 'interface': 'xe-0/0/69'}
41: {'hostname': 'hsw-003b.sea3', 'interface': 'xe-0/0/76'}
42: {'hostname': 'hsw-003b.sea3', 'interface': 'ae224.0'}
43: {'hostname': 'hsw-003b.sea3', 'interface': 'xe-0/0/68'}
44: {'hostname': 'hsw-003b.sea3', 'interface': 'ae205.0'}
45: {'hostname': 'hsw-003b.sea3', 'interface': 'xe-0/0/46'}
46: {'hostname': 'hsw-003b.sea3', 'interface': 'et-0/0/103.0'}
47: {'hostname': 'hsw-003b.sea3', 'interface': 'ae209.0'}
48: {'hostname': 'hsw-003b.sea3', 'interface': 'xe-0/0/74'}
49: {'hostname': 'hsw-003b.sea3', 'interface': 'ae220.0'}
50: {'hostname': 'hsw-003b.sea3', 'interface': 'xe-0/0/73'}
51: {'hostname': 'hsw-003b.sea3', 'interface': 'ae228.0'}
52: {'hostname': 'hsw-003b.sea3', 'interface': 'et-0/0/99'}
53: {'hostname': 'hsw-003b.sea3', 'interface': 'xe-0/0/77'}
54: {'hostname': 'hsw-003b.sea3', 'interface': 'xe-0/0/72'}
55: {'hostname': 'hsw-003b.sea3', 'interface': 'xe-0/0/75'}
56: {'hostname': 'hsw-003b.sea3', 'interface': 'et-0/0/98'}
57: {'hostname': 'hsw-003b.sea3', 'interface': 'xe-0/0/58'}
58: {'hostname': 'hsw-003b.sea3', 'interface': 'xe-0/0/65'}
59: {'hostname': 'hsw-003b.sea3', 'interface': 'xe-0/0/59'}
60: {'hostname': 'hsw-003b.sea3', 'interface': 'xe-0/0/67'}
61: {'hostname': 'hsw-003b.sea3', 'interface': 'xe-0/0/71'}
62: {'hostname': 'hsw-003b.sea3', 'interface': 'et-0/0/101'}
63: {'hostname': 'hsw-003b.sea3', 'interface': 'xe-0/0/70'}
64: {'hostname': 'hsw-003b.sea3', 'interface': 'ae120.0'}
65: {'hostname': 'hsw-003b.sea3', 'interface': 'irb.401'}
66: {'hostname': 'hsw-003b.sea3', 'interface': 'ae1'}
67: {'hostname': 'hsw-003b.sea3', 'interface': 'ae0'}
68: {'hostname': 'hsw-003b.sea3', 'interface': 'ae201.0'}
69: {'hostname': 'hsw-003b.sea3', 'interface': 'ae212.0'}
70: {'hostname': 'hsw-003b.sea3', 'interface': 'ae128.0'}
71: {'hostname': 'hsw-003b.sea3', 'interface': 'ae109.0'}
72: {'hostname': 'hsw-003b.sea3', 'interface': 'ae216'}
73: {'hostname': 'hsw-003b.sea3', 'interface': 'ae218'}
74: {'hostname': 'hsw-003b.sea3', 'interface': 'ae217'}
75: {'hostname': 'hsw-003b.sea3', 'interface': 'ae214'}
76: {'hostname': 'hsw-003b.sea3', 'interface': 'ae113.0'}
77: {'hostname': 'hsw-003b.sea3', 'interface': 'ae102.0'}
78: {'hostname': 'hsw-003b.sea3', 'interface': 'ae215'}
79: {'hostname': 'hsw-003b.sea3', 'interface': 'ae213.0'}
80: {'hostname': 'hsw-003b.sea3', 'interface': 'ae103'}
81: {'hostname': 'hsw-003b.sea3', 'interface': 'ae125.0'}
82: {'hostname': 'hsw-003b.sea3', 'interface': 'ae126'}
83: {'hostname': 'hsw-003b.sea3', 'interface': 'ae129'}
84: {'hostname': 'hsw-003b.sea3', 'interface': 'ae104'}
85: {'hostname': 'hsw-003b.sea3', 'interface': 'ae202.0'}
86: {'hostname': 'hsw-003b.sea3', 'interface': 'ae107'}
87: {'hostname': 'hsw-003b.sea3', 'interface': 'ae106'}
88: {'hostname': 'hsw-003b.sea3', 'interface': 'ae125'}
89: {'hostname': 'hsw-003b.sea3', 'interface': 'ae108'}
90: {'hostname': 'hsw-003b.sea3', 'interface': 'ae229.0'}
91: {'hostname': 'hsw-003b.sea3', 'interface': 'ae105'}
92: {'hostname': 'hsw-003b.sea3', 'interface': 'ae213'}
93: {'hostname': 'hsw-003b.sea3', 'interface': 'ae127'}
94: {'hostname': 'hsw-003b.sea3', 'interface': 'ae128'}
95: {'hostname': 'hsw-003b.sea3', 'interface': 'em0.0'}
96: {'hostname': 'hsw-003b.sea3', 'interface': 'ae227'}
97: {'hostname': 'hsw-003b.sea3', 'interface': 'ae229'}
98: {'hostname': 'hsw-003b.sea3', 'interface': 'ae228'}
99: {'hostname': 'hsw-003b.sea3', 'interface': 'ae225'}
100: {'hostname': 'hsw-003b.sea3', 'interface': 'ae206.0'}
101: {'hostname': 'hsw-003b.sea3', 'interface': 'ae226'}
102: {'hostname': 'hsw-003b.sea3', 'interface': 'ae217.0'}
103: {'hostname': 'hsw-003b.sea3', 'interface': 'ae221.0'}
104: {'hostname': 'hsw-003b.sea3', 'interface': 'ae224'}
105: {'hostname': 'hsw-003b.sea3', 'interface': 'ae129.0'}
106: {'hostname': 'hsw-003b.sea3', 'interface': 'xe-0/0/63'}
107: {'hostname': 'hsw-003b.sea3', 'interface': 'lo0.0'}
108: {'hostname': 'hsw-003b.sea3', 'interface': 'xe-0/0/62'}
109: {'hostname': 'hsw-003b.sea3', 'interface': 'ae2'}
110: {'hostname': 'hsw-003b.sea3', 'interface': 'xe-0/0/66'}
111: {'hostname': 'hsw-003b.sea3', 'interface': 'xe-0/0/61'}
112: {'hostname': 'hsw-003b.sea3', 'interface': 'xe-0/0/64'}
113: {'hostname': 'hsw-003b.sea3', 'interface': 'xe-0/0/57'}
114: {'hostname': 'hsw-003b.sea3', 'interface': 'ae121.0'}
115: {'hostname': 'hsw-003b.sea3', 'interface': 'xe-0/0/60'}
116: {'hostname': 'hsw-003b.sea3', 'interface': 'ae225.0'}
117: {'hostname': 'hsw-003b.sea3', 'interface': 'ae106.0'}
118: {'hostname': 'hsw-003b.sea3', 'interface': 'ae117.0'}
119: {'hostname': 'hsw-003b.sea3', 'interface': 'ae218.0'}
120: {'hostname': 'hsw-003b.sea3', 'interface': 'xe-0/0/13'}
121: {'hostname': 'hsw-003b.sea3', 'interface': 'ae126.0'}
122: {'hostname': 'hsw-003b.sea3', 'interface': 'et-0/0/97'}
123: {'hostname': 'hsw-003b.sea3', 'interface': 'ae103.0'}
124: {'hostname': 'hsw-003b.sea3', 'interface': 'ae114.0'}
125: {'hostname': 'hsw-003b.sea3', 'interface': 'ae201'}
126: {'hostname': 'hsw-003b.sea3', 'interface': 'ae226.0'}
127: {'hostname': 'hsw-003b.sea3', 'interface': 'irb.102'}
128: {'hostname': 'hsw-003b.sea3', 'interface': 'ae207.0'}
129: {'hostname': 'hsw-003b.sea3', 'interface': 'xe-0/0/8'}
130: {'hostname': 'hsw-003b.sea3', 'interface': 'xe-0/0/7'}
131: {'hostname': 'hsw-003b.sea3', 'interface': 'irb.103'}
132: {'hostname': 'hsw-003b.sea3', 'interface': 'ae200'}
133: {'hostname': 'hsw-003b.sea3', 'interface': 'et-0/0/100'}
134: {'hostname': 'hsw-003b.sea3', 'interface': 'em0'}
135: {'hostname': 'hsw-003b.sea3', 'interface': 'xe-0/0/9'}
136: {'hostname': 'hsw-003b.sea3', 'interface': 'xe-0/0/3'}
137: {'hostname': 'hsw-003b.sea3', 'interface': 'xe-0/0/6'}
138: {'hostname': 'hsw-003b.sea3', 'interface': 'et-0/0/101.0'}
139: {'hostname': 'hsw-003b.sea3', 'interface': 'ae113'}
140: {'hostname': 'hsw-003b.sea3', 'interface': 'xe-0/0/5'}
141: {'hostname': 'hsw-003b.sea3', 'interface': 'ae111'}
142: {'hostname': 'hsw-003b.sea3', 'interface': 'xe-0/0/0'}
143: {'hostname': 'hsw-003b.sea3', 'interface': 'ae210'}
144: {'hostname': 'hsw-003b.sea3', 'interface': 'ae208'}
145: {'hostname': 'hsw-003b.sea3', 'interface': 'ae1.0'}
146: {'hostname': 'hsw-003b.sea3', 'interface': 'ae210.0'}
147: {'hostname': 'hsw-003b.sea3', 'interface': 'xe-0/0/2'}
148: {'hostname': 'hsw-003b.sea3', 'interface': 'xe-0/0/1'}
149: {'hostname': 'hsw-003b.sea3', 'interface': 'xe-0/0/29'}
150: {'hostname': 'hsw-003b.sea3', 'interface': 'ae122.0'}
151: {'hostname': 'hsw-003b.sea3', 'interface': 'ae211'}
152: {'hostname': 'hsw-003b.sea3', 'interface': 'ae101'}
153: {'hostname': 'hsw-003b.sea3', 'interface': 'ae212'}
154: {'hostname': 'hsw-003b.sea3', 'interface': 'ae107.0'}
155: {'hostname': 'hsw-003b.sea3', 'interface': 'ae118.0'}
156: {'hostname': 'hsw-003b.sea3', 'interface': 'ae110'}
157: {'hostname': 'hsw-003b.sea3', 'interface': 'lo0'}
158: {'hostname': 'hsw-003b.sea3', 'interface': 'ae109'}
159: {'hostname': 'hsw-003b.sea3', 'interface': 'ae100'}
160: {'hostname': 'hsw-003b.sea3', 'interface': 'ae112'}
161: {'hostname': 'hsw-003b.sea3', 'interface': 'ae102'}
162: {'hostname': 'hsw-003b.sea3', 'interface': 'xe-0/0/54'}
163: {'hostname': 'hsw-003b.sea3', 'interface': 'xe-0/0/27'}
164: {'hostname': 'hsw-003b.sea3', 'interface': 'xe-0/0/48'}
165: {'hostname': 'hsw-003b.sea3', 'interface': 'ae110.0'}
166: {'hostname': 'hsw-003b.sea3', 'interface': 'ae221'}
167: {'hostname': 'hsw-003b.sea3', 'interface': 'xe-0/0/49'}
168: {'hostname': 'hsw-003b.sea3', 'interface': 'xe-0/0/56'}
169: {'hostname': 'hsw-003b.sea3', 'interface': 'ae219'}
170: {'hostname': 'hsw-003b.sea3', 'interface': 'xe-0/0/26'}
171: {'hostname': 'hsw-003b.sea3', 'interface': 'xe-0/0/30'}
172: {'hostname': 'hsw-003b.sea3', 'interface': 'xe-0/0/25'}
173: {'hostname': 'hsw-003b.sea3', 'interface': 'xe-0/0/28'}
174: {'hostname': 'hsw-003b.sea3', 'interface': 'ae205'}
175: {'hostname': 'hsw-003b.sea3', 'interface': 'xe-0/0/18'}
176: {'hostname': 'hsw-003b.sea3', 'interface': 'ae207'}
177: {'hostname': 'hsw-003b.sea3', 'interface': 'xe-0/0/52'}
178: {'hostname': 'hsw-003b.sea3', 'interface': 'xe-0/0/22'}
179: {'hostname': 'hsw-003b.sea3', 'interface': 'ae223'}
180: {'hostname': 'hsw-003b.sea3', 'interface': 'ae206'}
181: {'hostname': 'hsw-003b.sea3', 'interface': 'xe-0/0/20'}
182: {'hostname': 'hsw-003b.sea3', 'interface': 'ae203'}
183: {'hostname': 'hsw-003b.sea3', 'interface': 'xe-0/0/51'}
184: {'hostname': 'hsw-003b.sea3', 'interface': 'xe-0/0/21'}
185: {'hostname': 'hsw-003b.sea3', 'interface': 'xe-0/0/24'}
186: {'hostname': 'hsw-003b.sea3', 'interface': 'ae204'}
187: {'hostname': 'hsw-003b.sea3', 'interface': 'xe-0/0/55'}
188: {'hostname': 'hsw-003b.sea3', 'interface': 'ae209'}
189: {'hostname': 'hsw-003b.sea3', 'interface': 'xe-0/0/50'}
190: {'hostname': 'hsw-003b.sea3', 'interface': 'ae203.0'}
191: {'hostname': 'hsw-003b.sea3', 'interface': 'xe-0/0/53'}
192: {'hostname': 'hsw-003b.sea3', 'interface': 'xe-0/0/23'}
193: {'hostname': 'hsw-003b.sea3', 'interface': 'ae115'}
194: {'hostname': 'hsw-003b.sea3', 'interface': 'ae222'}
195: {'hostname': 'hsw-003b.sea3', 'interface': 'ae118'}
196: {'hostname': 'hsw-003b.sea3', 'interface': 'ae214.0'}
197: {'hostname': 'hsw-003b.sea3', 'interface': 'ae130'}
198: {'hostname': 'hsw-003b.sea3', 'interface': 'xe-0/0/16'}
199: {'hostname': 'hsw-003b.sea3', 'interface': 'ae230'}
200: {'hostname': 'hsw-003b.sea3', 'interface': 'ae114'}
201: {'hostname': 'hsw-003b.sea3', 'interface': 'ae222.0'}
202: {'hostname': 'hsw-003b.sea3', 'interface': 'xe-0/0/15'}
203: {'hostname': 'hsw-003b.sea3', 'interface': 'xe-0/0/4'}
204: {'hostname': 'hsw-003b.sea3', 'interface': 'ae202'}
205: {'hostname': 'hsw-003b.sea3', 'interface': 'ae116'}
206: {'hostname': 'hsw-003b.sea3', 'interface': 'ae119'}
207: {'hostname': 'hsw-003b.sea3', 'interface': 'et-0/0/102.0'}
208: {'hostname': 'hsw-003b.sea3', 'interface': 'xe-0/0/19'}
209: {'hostname': 'hsw-003b.sea3', 'interface': 'xe-0/0/14'}
210: {'hostname': 'hsw-003b.sea3', 'interface': 'ae117'}
211: {'hostname': 'hsw-003b.sea3', 'interface': 'xe-0/0/17'}</msg>
<msg timestamp="20191212 18:09:06.184" level="WARN">List is empty.</msg>
</errors>
</robot>
